{"message":"Connected","level":"info"}
{"message":"Database migration successfully executed!","level":"info"}
{"message":"Connected","level":"info"}
{"message":"Database migration successfully executed!","level":"info"}
{"message":{"epicMail":"testingmail","password":"1djugugudv","phone":"07098765434","firstName":"ddfbdbfdbt","lastName":"dbdbdbbcndnL"},"level":"info"}
{"message":{"epicMail":"a@epicmail.com","password":"1djugugudv","phone":"07098765434","firstName":"ddfbdbfdbt","lastName":"dbdbdbbcndnL"},"level":"info"}
{"message":{"epicMail":"dsa@epicmail.com","password":"1djugugudv","phone":"07098765434","firstName":"ddfbdbfdbt","lastName":"dbdbdbbcndnL"},"level":"info"}
{"message":{"epicMail":"da@epicmail.com","password":"1djugugudv","phone":"07098765434","firstName":"ddfbdbfdbt","lastName":"dbdbdbbcndnL"},"level":"info"}
{"message":{"epicMail":"ssadddd@epicmail.com","password":"1djugugudv","phone":"07098765434","firstName":"ddfbdbfdbt","lastName":"dbdbdbbcndnL"},"level":"info"}
{"message":{"epicMail":"sdgffgfgghgnhgh77d@epicmail.com","password":"1djugugudv","phone":"07098765434","firstName":"ddfbdbfdbt","lastName":"dbdbdbbcndnL"},"level":"info"}
{"message":{"epicMail":"sdgffgfgghgnhgh77d@epicmail.com","password":"1djugugudv","phone":"07098765434","firstName":"ddfbdbfdbt","lastName":"dbdbdbbcndnL"},"level":"info"}
{"message":{"epicMail":"vbbsdgffgfgghgnhgh77d@epicmail.com","password":"1djugugudv","phone":"07098765434","firstName":"ddfbdbfdbt","lastName":"dbdbdbbcndnL"},"level":"info"}
{"message":{"epicMail":"7vbbsdgffgfgghgnhgh77d@epicmail.com","password":"1djugugudv","phone":"07098765434","firstName":"ddfbdbfdbt","lastName":"dbdbdbbcndnL"},"level":"info"}
{"message":{"epicMail":"vbbsdgffgfgghgnhgh77d@epicmail.com","password":"1djugugudv","phone":"07098765434","firstName":"ddfbdbfdbt","lastName":"dbdbdbbcndnL"},"level":"info"}
{"message":{"epicMail":"vbbsd77d@epicmail.com","password":"1djugugudv","phone":"07098765434","firstName":"ddfbdbfdbt","lastName":"dbdbdbbcndnL"},"level":"info"}
{"message":{"epicMail":"ugwumadu@epicmail.com","password":"1djugugudv","phone":"07098765434","firstName":"ddfbdbfdbt","lastName":"dbdbdbbcndnL"},"level":"info"}
{"message":{"epicMail":"u@epicmail.com","password":"1djugugudv","phone":"07098765434","firstName":"ddfbdbfdbt","lastName":"dbdbdbbcndnL"},"level":"info"}
{"message":{"epicMail":"3@epicmail.com","password":"1djugugudv","phone":"07098765434","firstName":"ddfbdbfdbt","lastName":"dbdbdbbcndnL"},"level":"info"}
{"message":{"epicMail":"epicmailcom","password":"1djugugudv","phone":"07098765434","firstName":"ddfbdbfdbt","lastName":"dbdbdbbcndnL"},"level":"info"}
{"message":"epicmailcom@epicmail.com","level":"info"}
{"message":{"epicmail":"epicmailcom@epicmail.com","firstname":"ddfbdbfdbt","lastname":"dbdbdbbcndnL","password":"1djugugudv","phone":"07098765434"},"level":"info"}
{"message":"Connected","level":"info"}
{"message":"Database migration successfully executed!","level":"info"}
{"message":"Connected","level":"info"}
{"message":"Tables dropped","level":"info"}
{"message":"Connected","level":"info"}
{"message":"Database migration successfully executed!","level":"info"}
{"message":"Connected","level":"info"}
{"message":"Tables dropped","level":"info"}
{"message":"Connected","level":"info"}
{"message":"Database migration successfully executed!","level":"info"}
{"message":{"epicmail":"ugwumadu@epicmail.com","firstname":"joel","lastname":"ugwumadu","password":"juninho116","phone":"07064586146"},"level":"info"}
{"message":{"epicmail":"ugwumadu@epicmail.com","firstname":"joel","lastname":"ugwumadu","password":"juninho116","phone":"07064586146"},"level":"info"}
{"message":5,"level":"info"}
{"message":6,"level":"info"}
{"message":7,"level":"info"}
{"message":"Connected","level":"info"}
{"message":"Tables dropped","level":"info"}
{"message":"Connected","level":"info"}
{"message":"Database migration successfully executed!","level":"info"}
{"message":"Connected","level":"info"}
{"message":"Tables dropped","level":"info"}
{"message":"Connected","level":"info"}
{"message":"Database migration successfully executed!","level":"info"}
{"message":"Connected","level":"info"}
{"message":"Tables dropped","level":"info"}
{"message":"Connected","level":"info"}
{"message":"Database migration successfully executed!","level":"info"}
{"message":"Connected","level":"info"}
{"message":"Tables dropped","level":"info"}
{"message":"Connected","level":"info"}
{"message":"Database migration successfully executed!","level":"info"}
